[2026-02-12 08:37:34] Node 1 connected. Active nodes: 1
[2026-02-12 08:37:34] Node 1 disconnected
[2026-02-12 08:37:34] Node 1 removed. Active nodes: 1
[2026-02-12 08:37:35] Node 1 connected. Active nodes: 2
[2026-02-12 08:37:35] Node 1 disconnected
[2026-02-12 08:37:35] Node 1 removed. Active nodes: 0
[2026-02-12 08:43:07] Node 1 connected. Active nodes: 1
[2026-02-12 08:43:26] Node 1 says: Hi

[2026-02-12 08:43:32] Node 1 says: Hello

[2026-02-12 08:47:13] Node 1 disconnected
[2026-02-12 08:47:13] Node 1 removed. Active nodes: 1
[2026-02-12 09:18:11] Node 1 connected (active: 1)
[2026-02-12 09:18:11] Node 1 disconnected
[2026-02-12 09:18:11] Node 1 removed (active: 1)
[2026-02-12 09:18:12] Node 1 connected (active: 2)
[2026-02-12 09:18:12] Node 1 disconnected
[2026-02-12 09:18:12] Node 1 removed (active: 0)
[2026-02-12 09:36:46] Node 1 connected (active: 1)
[2026-02-12 09:36:46] Node 1 disconnected
[2026-02-12 09:36:46] Node 1 removed (active: 1)
[2026-02-12 09:36:47] Node 1 connected (active: 2)
[2026-02-12 09:36:47] Node 1 disconnected
[2026-02-12 09:36:47] Node 1 removed (active: 0)
[2026-02-12 10:34:11] Node 1 connected (active: 1)
[2026-02-12 10:34:13] Node 1 says: 1

[2026-02-12 10:34:15] Node 1 disconnected
[2026-02-12 10:34:15] Node 1 removed (active: 0)
