[[2026-02-12 08:37:34] 2026-02-12 08:37:34Root listening on 127.0.0.1:19090] 
CLI socket listening on /tmp/sentinel.sock
[[2026-02-12 08:40:232026-02-12 08:40:23] ] CLI socket listening on /tmp/sentinel.sockRoot listening on 127.0.0.1:8080


thread 'main' (1607280) panicked at src/server.rs:66:44:
Failed to bind root server: Os { code: 48, kind: AddrInUse, message: "Address already in use" }
note: run with `RUST_BACKTRACE=1` environment variable to display a backtrace
[[2026-02-12 09:18:10] 2026-02-12 09:18:10Root listening on 127.0.0.1:19090] 
CLI socket listening on /tmp/sentinel.sock
[[2026-02-12 09:36:452026-02-12 09:36:45] ] CLI socket listening on /tmp/sentinel.sockRoot listening on 127.0.0.1:19090


thread 'main' (1632921) panicked at src/server.rs:59:44:
Failed to bind root server: Os { code: 48, kind: AddrInUse, message: "Address already in use" }
note: run with `RUST_BACKTRACE=1` environment variable to display a backtrace

thread 'main' (1633068) panicked at src/server.rs:59:44:
Failed to bind root server: Os { code: 48, kind: AddrInUse, message: "Address already in use" }
note: run with `RUST_BACKTRACE=1` environment variable to display a backtrace

thread 'main' (1635887) panicked at src/server.rs:59:44:
Failed to bind root server: Os { code: 48, kind: AddrInUse, message: "Address already in use" }
note: run with `RUST_BACKTRACE=1` environment variable to display a backtrace
[2026-02-12 09:42:54] CLI socket listening on /tmp/sentinel.sock

thread 'main' (1636557) panicked at src/server.rs:59:44:
Failed to bind root server: Os { code: 48, kind: AddrInUse, message: "Address already in use" }
note: run with `RUST_BACKTRACE=1` environment variable to display a backtrace

thread 'main' (1636645) panicked at src/server.rs:59:44:
Failed to bind root server: Os { code: 48, kind: AddrInUse, message: "Address already in use" }
note: run with `RUST_BACKTRACE=1` environment variable to display a backtrace

thread 'main' (1636869) panicked at src/server.rs:59:44:
Failed to bind root server: Os { code: 48, kind: AddrInUse, message: "Address already in use" }
note: run with `RUST_BACKTRACE=1` environment variable to display a backtrace
[2026-02-12 09:43:50] CLI socket listening on /tmp/sentinel.sock

thread 'main' (1642013) panicked at src/server.rs:59:44:
Failed to bind root server: Os { code: 48, kind: AddrInUse, message: "Address already in use" }
note: run with `RUST_BACKTRACE=1` environment variable to display a backtrace

thread 'main' (1642032) panicked at src/server.rs:59:44:
Failed to bind root server: Os { code: 48, kind: AddrInUse, message: "Address already in use" }
note: run with `RUST_BACKTRACE=1` environment variable to display a backtrace

thread 'main' (1642046) panicked at src/server.rs:59:44:
Failed to bind root server: Os { code: 48, kind: AddrInUse, message: "Address already in use" }
note: run with `RUST_BACKTRACE=1` environment variable to display a backtrace

thread 'main' (1643619) panicked at src/server.rs:59:44:
Failed to bind root server: Os { code: 48, kind: AddrInUse, message: "Address already in use" }
note: run with `RUST_BACKTRACE=1` environment variable to display a backtrace

thread 'main' (1643630) panicked at src/server.rs:59:44:
Failed to bind root server: Os { code: 48, kind: AddrInUse, message: "Address already in use" }
note: run with `RUST_BACKTRACE=1` environment variable to display a backtrace

thread 'main' (1643643) panicked at src/server.rs:59:44:
Failed to bind root server: Os { code: 48, kind: AddrInUse, message: "Address already in use" }
note: run with `RUST_BACKTRACE=1` environment variable to display a backtrace

thread 'main' (1643653) panicked at src/server.rs:59:44:
Failed to bind root server: Os { code: 48, kind: AddrInUse, message: "Address already in use" }
note: run with `RUST_BACKTRACE=1` environment variable to display a backtrace

thread 'main' (1643666) panicked at src/server.rs:59:44:
Failed to bind root server: Os { code: 48, kind: AddrInUse, message: "Address already in use" }
note: run with `RUST_BACKTRACE=1` environment variable to display a backtrace
[[2026-02-12 09:55:54] CLI socket listening on /tmp/sentinel.sock2026-02-12 09:55:54
] Root listening on 127.0.0.1:8080
[[2026-02-12 09:59:472026-02-12 09:59:47] ] CLI socket listening on /tmp/sentinel.sockRoot listening on 127.0.0.1:8080

[2026-02-12 10:00:05] Shutdown requested via CLI
[2026-02-12 10:32:42] Root listening on 127.0.0.1:8080
[2026-02-12 10:32:42] CLI socket listening on /tmp/sentinel.sock
[2026-02-12 10:34:03] Shutdown requested via CLI
[2026-02-12 10:34:07] Root listening on 127.0.0.1:8080
[2026-02-12 10:34:07] CLI socket listening on /tmp/sentinel.sock
[2026-02-12 10:34:24] Shutdown requested via CLI
